[dotenv@17.3.1] injecting env (0) from .env -- tip: ⚙️  override existing env vars with { override: true }
[Triage] Loaded 3 rules.
Reply chat POC: http://localhost:3000
Starting iMessage sync in background...
Starting Mail sync in background...
Synchronizing Apple Mail...
Sync completed: Starting iMessage sync from ROWID > 117563...
Processing 1000 new messages...
Generating embeddings for 1000 documents...
Added 1000 vectors to documents and updated FTS index.
Sync complete. Last ID: 118596
Processing 0 emails...
Mail sync completed: 0 emails.
Starting iMessage sync in background...
Starting Mail sync in background...
Synchronizing Apple Mail...
Starting iMessage sync in background...
Starting Mail sync in background...
Synchronizing Apple Mail...
Sync completed: Starting iMessage sync from ROWID > 128783...
Processing 1000 new messages...
Generating embeddings for 1000 documents...
Added 1000 vectors to documents and updated FTS index.
Sync complete. Last ID: 129787
Sync completed: Starting iMessage sync from ROWID > 128783...
Processing 1000 new messages...
Generating embeddings for 1000 documents...
Added 1000 vectors to documents and updated FTS index.
Sync complete. Last ID: 129787
Starting iMessage sync in background...
Starting Mail sync in background...
Synchronizing Apple Mail...
Sync completed: Starting iMessage sync from ROWID > 129787...
Processing 1000 new messages...
Generating embeddings for 1000 documents...
Added 1000 vectors to documents and updated FTS index.
Sync complete. Last ID: 130792
Starting iMessage sync in background...
Starting Mail sync in background...
Synchronizing Apple Mail...
Starting iMessage sync in background...
Starting Mail sync in background...
Synchronizing Apple Mail...
Starting iMessage sync in background...
Starting Mail sync in background...
Synchronizing Apple Mail...
Sync completed: Starting iMessage sync from ROWID > 130792...
Processing 1000 new messages...
Generating embeddings for 1000 documents...
Added 1000 vectors to documents and updated FTS index.
Sync complete. Last ID: 131794
Sync completed: Starting iMessage sync from ROWID > 130792...
Processing 1000 new messages...
Generating embeddings for 1000 documents...
Added 1000 vectors to documents and updated FTS index.
Sync complete. Last ID: 131794
Sync completed: Starting iMessage sync from ROWID > 130792...
Processing 1000 new messages...
Generating embeddings for 1000 documents...
Added 1000 vectors to documents and updated FTS index.
Sync complete. Last ID: 131794
Starting iMessage sync in background...
Starting Mail sync in background...
Synchronizing Apple Mail...
Sync completed: Starting iMessage sync from ROWID > 131794...
Processing 1000 new messages...
Generating embeddings for 1000 documents...
Added 1000 vectors to documents and updated FTS index.
Sync complete. Last ID: 132800
Starting iMessage sync in background...
Starting Mail sync in background...
Synchronizing Apple Mail...
Sync completed: Starting iMessage sync from ROWID > 133812...
Processing 1000 new messages...
Generating embeddings for 1000 documents...
Added 1000 vectors to documents and updated FTS index.
Sync complete. Last ID: 134819
Processing 0 emails...
Mail sync completed: 0 emails.
Processing 0 emails...
Mail sync completed: 0 emails.
Processing 0 emails...
Mail sync completed: 0 emails.
Processing 0 emails...
Mail sync completed: 0 emails.
Processing 0 emails...
Mail sync completed: 0 emails.
Processing 0 emails...
Mail sync completed: 0 emails.
Processing 0 emails...
Mail sync completed: 0 emails.
Processing 0 emails...
Mail sync completed: 0 emails.
Starting iMessage sync in background...
Starting Mail sync in background...
Synchronizing Apple Mail...
Sync completed: Starting iMessage sync from ROWID > 138890...
Processing 1000 new messages...
Generating embeddings for 1000 documents...
Added 1000 vectors to documents and updated FTS index.
Sync complete. Last ID: 139909
Starting iMessage sync in background...
Starting Mail sync in background...
Synchronizing Apple Mail...
Sync completed: Starting iMessage sync from ROWID > 139909...
Processing 1000 new messages...
Generating embeddings for 1000 documents...
Added 1000 vectors to documents and updated FTS index.
Sync complete. Last ID: 140935
Starting iMessage sync in background...
Starting Mail sync in background...
Synchronizing Apple Mail...
Sync completed: Starting iMessage sync from ROWID > 142997...
Processing 1000 new messages...
Generating embeddings for 1000 documents...
Added 1000 vectors to documents and updated FTS index.
Sync complete. Last ID: 144009
Processing 0 emails...
Mail sync completed: 0 emails.
Starting iMessage sync in background...
Starting Mail sync in background...
Synchronizing Apple Mail...
Sync completed: Starting iMessage sync from ROWID > 145011...
Processing 1000 new messages...
Generating embeddings for 1000 documents...
Added 1000 vectors to documents and updated FTS index.
Sync complete. Last ID: 146012
Processing 0 emails...
Mail sync completed: 0 emails.
Starting iMessage sync in background...
Starting Mail sync in background...
Synchronizing Apple Mail...
Sync completed: Starting iMessage sync from ROWID > 146012...
Processing 1000 new messages...
Generating embeddings for 1000 documents...
Added 1000 vectors to documents and updated FTS index.
Sync complete. Last ID: 147012
Starting iMessage sync in background...
Starting Mail sync in background...
Synchronizing Apple Mail...
Sync completed: Starting iMessage sync from ROWID > 148012...
Processing 1000 new messages...
Generating embeddings for 1000 documents...
Added 1000 vectors to documents and updated FTS index.
Sync complete. Last ID: 149015
Processing 0 emails...
Mail sync completed: 0 emails.
Processing 0 emails...
Mail sync completed: 0 emails.
