Sync stderr: Error loading contacts: SyntaxError: Unexpected end of JSON input
    at JSON.parse (<anonymous>)
    at ContactStore.load (/Users/moldovancsaba/Projects/reply/chat/contact-store.js:24:34)
    at ContactStore.updateLastContacted (/Users/moldovancsaba/Projects/reply/chat/contact-store.js:141:14)
    at /Users/moldovancsaba/Projects/reply/chat/sync-imessage.js:105:34
    at Array.forEach (<anonymous>)
    at Statement.<anonymous> (/Users/moldovancsaba/Projects/reply/chat/sync-imessage.js:104:22)
Error loading contacts: SyntaxError: Expected double-quoted property name in JSON at position 270293 (line 13086 column 2)
    at JSON.parse (<anonymous>)
    at ContactStore.load (/Users/moldovancsaba/Projects/reply/chat/contact-store.js:24:34)
    at get contacts (/Users/moldovancsaba/Projects/reply/chat/contact-store.js:13:14)
    at ContactStore.updateLastContacted (/Users/moldovancsaba/Projects/reply/chat/contact-store.js:145:28)
    at /Users/moldovancsaba/Projects/reply/chat/sync-imessage.js:105:34
    at Array.forEach (<anonymous>)
    at Statement.<anonymous> (/Users/moldovancsaba/Projects/reply/chat/sync-imessage.js:104:22)
Error loading contacts: SyntaxError: Unexpected end of JSON input
    at JSON.parse (<anonymous>)
    at ContactStore.load (/Users/moldovancsaba/Projects/reply/chat/contact-store.js:24:34)
    at ContactStore.updateLastContacted (/Users/moldovancsaba/Projects/reply/chat/contact-store.js:141:14)
    at /Users/moldovancsaba/Projects/reply/chat/sync-imessage.js:105:34
    at Array.forEach (<anonymous>)
    at Statement.<anonymous> (/Users/moldovancsaba/Projects/reply/chat/sync-imessage.js:104:22)
Error loading contacts: SyntaxError: Unexpected end of JSON input
    at JSON.parse (<anonymous>)
    at ContactStore.load (/Users/moldovancsaba/Projects/reply/chat/contact-store.js:24:34)
    at ContactStore.updateLastContacted (/Users/moldovancsaba/Projects/reply/chat/contact-store.js:141:14)
    at /Users/moldovancsaba/Projects/reply/chat/sync-imessage.js:105:34
    at Array.forEach (<anonymous>)
    at Statement.<anonymous> (/Users/moldovancsaba/Projects/reply/chat/sync-imessage.js:104:22)
Error loading contacts: SyntaxError: Unterminated string in JSON at position 204757 (line 9792 column 9)
    at JSON.parse (<anonymous>)
    at ContactStore.load (/Users/moldovancsaba/Projects/reply/chat/contact-store.js:24:34)
    at ContactStore.updateLastContacted (/Users/moldovancsaba/Projects/reply/chat/contact-store.js:141:14)
    at /Users/moldovancsaba/Projects/reply/chat/sync-imessage.js:105:34
    at Array.forEach (<anonymous>)
    at Statement.<anonymous> (/Users/moldovancsaba/Projects/reply/chat/sync-imessage.js:104:22)
Error loading contacts: SyntaxError: Unterminated string in JSON at position 73685 (line 3334 column 13)
    at JSON.parse (<anonymous>)
    at ContactStore.load (/Users/moldovancsaba/Projects/reply/chat/contact-store.js:24:34)
    at get contacts (/Users/moldovancsaba/Projects/reply/chat/contact-store.js:13:14)
    at ContactStore.updateLastContacted (/Users/moldovancsaba/Projects/reply/chat/contact-store.js:145:28)
    at /Users/moldovancsaba/Projects/reply/chat/sync-imessage.js:105:34
    at Array.forEach (<anonymous>)
    at Statement.<anonymous> (/Users/moldovancsaba/Projects/reply/chat/sync-imessage.js:104:22)
Error loading contacts: SyntaxError: Unterminated string in JSON at position 229333 (line 11022 column 10)
    at JSON.parse (<anonymous>)
    at ContactStore.load (/Users/moldovancsaba/Projects/reply/chat/contact-store.js:24:34)
    at get contacts (/Users/moldovancsaba/Projects/reply/chat/contact-store.js:13:14)
    at ContactStore.updateLastContacted (/Users/moldovancsaba/Projects/reply/chat/contact-store.js:145:28)
    at /Users/moldovancsaba/Projects/reply/chat/sync-imessage.js:105:34
    at Array.forEach (<anonymous>)
    at Statement.<anonymous> (/Users/moldovancsaba/Projects/reply/chat/sync-imessage.js:104:22)
Error loading contacts: SyntaxError: Unexpected end of JSON input
    at JSON.parse (<anonymous>)
    at ContactStore.load (/Users/moldovancsaba/Projects/reply/chat/contact-store.js:24:34)
    at ContactStore.updateLastContacted (/Users/moldovancsaba/Projects/reply/chat/contact-store.js:141:14)
    at /Users/moldovancsaba/Projects/reply/chat/sync-imessage.js:105:34
    at Array.forEach (<anonymous>)
    at Statement.<anonymous> (/Users/moldovancsaba/Projects/reply/chat/sync-imessage.js:104:22)
Error loading contacts: SyntaxError: Unterminated string in JSON at position 139221 (line 6563 column 22)
    at JSON.parse (<anonymous>)
    at ContactStore.load (/Users/moldovancsaba/Projects/reply/chat/contact-store.js:24:34)
    at get contacts (/Users/moldovancsaba/Projects/reply/chat/contact-store.js:13:14)
    at ContactStore.updateLastContacted (/Users/moldovancsaba/Projects/reply/chat/contact-store.js:145:28)
    at /Users/moldovancsaba/Projects/reply/chat/sync-imessage.js:105:34
    at Array.forEach (<anonymous>)
    at Statement.<anonymous> (/Users/moldovancsaba/Projects/reply/chat/sync-imessage.js:104:22)
Error loading contacts: SyntaxError: Unexpected end of JSON input
    at JSON.parse (<anonymous>)
    at ContactStore.load (/Users/moldovancsaba/Projects/reply/chat/contact-store.js:24:34)
    at ContactStore.updateLastContacted (/Users/moldovancsaba/Projects/reply/chat/contact-store.js:141:14)
    at /Users/moldovancsaba/Projects/reply/chat/sync-imessage.js:105:34
    at Array.forEach (<anonymous>)
    at Statement.<anonymous> (/Users/moldovancsaba/Projects/reply/chat/sync-imessage.js:104:22)
Error loading contacts: SyntaxError: Unterminated string in JSON at position 81877 (line 3741 column 22)
    at JSON.parse (<anonymous>)
    at ContactStore.load (/Users/moldovancsaba/Projects/reply/chat/contact-store.js:24:34)
    at get contacts (/Users/moldovancsaba/Projects/reply/chat/contact-store.js:13:14)
    at ContactStore.updateLastContacted (/Users/moldovancsaba/Projects/reply/chat/contact-store.js:145:28)
    at /Users/moldovancsaba/Projects/reply/chat/sync-imessage.js:105:34
    at Array.forEach (<anonymous>)
    at Statement.<anonymous> (/Users/moldovancsaba/Projects/reply/chat/sync-imessage.js:104:22)
Error loading contacts: SyntaxError: Unexpected end of JSON input
    at JSON.parse (<anonymous>)
    at ContactStore.load (/Users/moldovancsaba/Projects/reply/chat/contact-store.js:24:34)
    at ContactStore.updateLastContacted (/Users/moldovancsaba/Projects/reply/chat/contact-store.js:141:14)
    at /Users/moldovancsaba/Projects/reply/chat/sync-imessage.js:105:34
    at Array.forEach (<anonymous>)
    at Statement.<anonymous> (/Users/moldovancsaba/Projects/reply/chat/sync-imessage.js:104:22)
Error loading contacts: SyntaxError: Unexpected end of JSON input
    at JSON.parse (<anonymous>)
    at ContactStore.load (/Users/moldovancsaba/Projects/reply/chat/contact-store.js:24:34)
    at get contacts (/Users/moldovancsaba/Projects/reply/chat/contact-store.js:13:14)
    at ContactStore.updateLastContacted (/Users/moldovancsaba/Projects/reply/chat/contact-store.js:145:28)
    at /Users/moldovancsaba/Projects/reply/chat/sync-imessage.js:105:34
    at Array.forEach (<anonymous>)
    at Statement.<anonymous> (/Users/moldovancsaba/Projects/reply/chat/sync-imessage.js:104:22)
Error loading contacts: SyntaxError: Unexpected end of JSON input
    at JSON.parse (<anonymous>)
    at ContactStore.load (/Users/moldovancsaba/Projects/reply/chat/contact-store.js:24:34)
    at get contacts (/Users/moldovancsaba/Projects/reply/chat/contact-store.js:13:14)
    at ContactStore.updateLastContacted (/Users/moldovancsaba/Projects/reply/chat/contact-store.js:145:28)
    at /Users/moldovancsaba/Projects/reply/chat/sync-imessage.js:105:34
    at Array.forEach (<anonymous>)
    at Statement.<anonymous> (/Users/moldovancsaba/Projects/reply/chat/sync-imessage.js:104:22)
Error loading contacts: SyntaxError: Unexpected end of JSON input
    at JSON.parse (<anonymous>)
    at ContactStore.load (/Users/moldovancsaba/Projects/reply/chat/contact-store.js:24:34)
    at ContactStore.updateLastContacted (/Users/moldovancsaba/Projects/reply/chat/contact-store.js:141:14)
    at /Users/moldovancsaba/Projects/reply/chat/sync-imessage.js:105:34
    at Array.forEach (<anonymous>)
    at Statement.<anonymous> (/Users/moldovancsaba/Projects/reply/chat/sync-imessage.js:104:22)
Error loading contacts: SyntaxError: Unexpected end of JSON input
    at JSON.parse (<anonymous>)
    at ContactStore.load (/Users/moldovancsaba/Projects/reply/chat/contact-store.js:24:34)
    at get contacts (/Users/moldovancsaba/Projects/reply/chat/contact-store.js:13:14)
    at ContactStore.updateLastContacted (/Users/moldovancsaba/Projects/reply/chat/contact-store.js:145:28)
    at /Users/moldovancsaba/Projects/reply/chat/sync-imessage.js:105:34
    at Array.forEach (<anonymous>)
    at Statement.<anonymous> (/Users/moldovancsaba/Projects/reply/chat/sync-imessage.js:104:22)
Error loading contacts: SyntaxError: Expected double-quoted property name in JSON at position 196565 (line 9393 column 26)
    at JSON.parse (<anonymous>)
    at ContactStore.load (/Users/moldovancsaba/Projects/reply/chat/contact-store.js:24:34)
    at ContactStore.updateLastContacted (/Users/moldovancsaba/Projects/reply/chat/contact-store.js:141:14)
    at /Users/moldovancsaba/Projects/reply/chat/sync-imessage.js:105:34
    at Array.forEach (<anonymous>)
    at Statement.<anonymous> (/Users/moldovancsaba/Projects/reply/chat/sync-imessage.js:104:22)
Error loading contacts: SyntaxError: Unterminated string in JSON at position 40917 (line 1706 column 10)
    at JSON.parse (<anonymous>)
    at ContactStore.load (/Users/moldovancsaba/Projects/reply/chat/contact-store.js:24:34)
    at ContactStore.updateLastContacted (/Users/moldovancsaba/Projects/reply/chat/contact-store.js:141:14)
    at /Users/moldovancsaba/Projects/reply/chat/sync-imessage.js:105:34
    at Array.forEach (<anonymous>)
    at Statement.<anonymous> (/Users/moldovancsaba/Projects/reply/chat/sync-imessage.js:104:22)
Error loading contacts: SyntaxError: Unexpected end of JSON input
    at JSON.parse (<anonymous>)
    at ContactStore.load (/Users/moldovancsaba/Projects/reply/chat/contact-store.js:24:34)
    at ContactStore.updateLastContacted (/Users/moldovancsaba/Projects/reply/chat/contact-store.js:141:14)
    at /Users/moldovancsaba/Projects/reply/chat/sync-imessage.js:105:34
    at Array.forEach (<anonymous>)
    at Statement.<anonymous> (/Users/moldovancsaba/Projects/reply/chat/sync-imessage.js:104:22)
Error loading contacts: SyntaxError: Unexpected end of JSON input
    at JSON.parse (<anonymous>)
    at ContactStore.load (/Users/moldovancsaba/Projects/reply/chat/contact-store.js:24:34)
    at get contacts (/Users/moldovancsaba/Projects/reply/chat/contact-store.js:13:14)
    at ContactStore.updateLastContacted (/Users/moldovancsaba/Projects/reply/chat/contact-store.js:145:28)
    at /Users/moldovancsaba/Projects/reply/chat/sync-imessage.js:105:34
    at Array.forEach (<anonymous>)
    at Statement.<anonymous> (/Users/moldovancsaba/Projects/reply/chat/sync-imessage.js:104:22)

Sync stderr: Error loading contacts: SyntaxError: Unexpected end of JSON input
    at JSON.parse (<anonymous>)
    at ContactStore.load (/Users/moldovancsaba/Projects/reply/chat/contact-store.js:24:34)
    at ContactStore.updateLastContacted (/Users/moldovancsaba/Projects/reply/chat/contact-store.js:141:14)
    at /Users/moldovancsaba/Projects/reply/chat/sync-imessage.js:105:34
    at Array.forEach (<anonymous>)
    at Statement.<anonymous> (/Users/moldovancsaba/Projects/reply/chat/sync-imessage.js:104:22)
Error loading contacts: SyntaxError: Unexpected end of JSON input
    at JSON.parse (<anonymous>)
    at ContactStore.load (/Users/moldovancsaba/Projects/reply/chat/contact-store.js:24:34)
    at ContactStore.updateLastContacted (/Users/moldovancsaba/Projects/reply/chat/contact-store.js:141:14)
    at /Users/moldovancsaba/Projects/reply/chat/sync-imessage.js:105:34
    at Array.forEach (<anonymous>)
    at Statement.<anonymous> (/Users/moldovancsaba/Projects/reply/chat/sync-imessage.js:104:22)
Error loading contacts: SyntaxError: Unexpected end of JSON input
    at JSON.parse (<anonymous>)
    at ContactStore.load (/Users/moldovancsaba/Projects/reply/chat/contact-store.js:24:34)
    at ContactStore.updateLastContacted (/Users/moldovancsaba/Projects/reply/chat/contact-store.js:141:14)
    at /Users/moldovancsaba/Projects/reply/chat/sync-imessage.js:105:34
    at Array.forEach (<anonymous>)
    at Statement.<anonymous> (/Users/moldovancsaba/Projects/reply/chat/sync-imessage.js:104:22)
Error loading contacts: SyntaxError: Unexpected end of JSON input
    at JSON.parse (<anonymous>)
    at ContactStore.load (/Users/moldovancsaba/Projects/reply/chat/contact-store.js:24:34)
    at ContactStore.updateLastContacted (/Users/moldovancsaba/Projects/reply/chat/contact-store.js:141:14)
    at /Users/moldovancsaba/Projects/reply/chat/sync-imessage.js:105:34
    at Array.forEach (<anonymous>)
    at Statement.<anonymous> (/Users/moldovancsaba/Projects/reply/chat/sync-imessage.js:104:22)
Error loading contacts: SyntaxError: Unexpected end of JSON input
    at JSON.parse (<anonymous>)
    at ContactStore.load (/Users/moldovancsaba/Projects/reply/chat/contact-store.js:24:34)
    at ContactStore.updateLastContacted (/Users/moldovancsaba/Projects/reply/chat/contact-store.js:141:14)
    at /Users/moldovancsaba/Projects/reply/chat/sync-imessage.js:105:34
    at Array.forEach (<anonymous>)
    at Statement.<anonymous> (/Users/moldovancsaba/Projects/reply/chat/sync-imessage.js:104:22)
Error loading contacts: SyntaxError: Expected double-quoted property name in JSON at position 270293 (line 13086 column 2)
    at JSON.parse (<anonymous>)
    at ContactStore.load (/Users/moldovancsaba/Projects/reply/chat/contact-store.js:24:34)
    at get contacts (/Users/moldovancsaba/Projects/reply/chat/contact-store.js:13:14)
    at ContactStore.updateLastContacted (/Users/moldovancsaba/Projects/reply/chat/contact-store.js:145:28)
    at /Users/moldovancsaba/Projects/reply/chat/sync-imessage.js:105:34
    at Array.forEach (<anonymous>)
    at Statement.<anonymous> (/Users/moldovancsaba/Projects/reply/chat/sync-imessage.js:104:22)
Error loading contacts: SyntaxError: Unexpected end of JSON input
    at JSON.parse (<anonymous>)
    at ContactStore.load (/Users/moldovancsaba/Projects/reply/chat/contact-store.js:24:34)
    at get contacts (/Users/moldovancsaba/Projects/reply/chat/contact-store.js:13:14)
    at ContactStore.updateLastContacted (/Users/moldovancsaba/Projects/reply/chat/contact-store.js:145:28)
    at /Users/moldovancsaba/Projects/reply/chat/sync-imessage.js:105:34
    at Array.forEach (<anonymous>)
    at Statement.<anonymous> (/Users/moldovancsaba/Projects/reply/chat/sync-imessage.js:104:22)
Error loading contacts: SyntaxError: Unterminated string in JSON at position 155605 (line 7373 column 24)
    at JSON.parse (<anonymous>)
    at ContactStore.load (/Users/moldovancsaba/Projects/reply/chat/contact-store.js:24:34)
    at get contacts (/Users/moldovancsaba/Projects/reply/chat/contact-store.js:13:14)
    at ContactStore.updateLastContacted (/Users/moldovancsaba/Projects/reply/chat/contact-store.js:145:28)
    at /Users/moldovancsaba/Projects/reply/chat/sync-imessage.js:105:34
    at Array.forEach (<anonymous>)
    at Statement.<anonymous> (/Users/moldovancsaba/Projects/reply/chat/sync-imessage.js:104:22)
Error loading contacts: SyntaxError: Unterminated string in JSON at position 131029 (line 6161 column 17)
    at JSON.parse (<anonymous>)
    at ContactStore.load (/Users/moldovancsaba/Projects/reply/chat/contact-store.js:24:34)
    at ContactStore.updateLastContacted (/Users/moldovancsaba/Projects/reply/chat/contact-store.js:141:14)
    at /Users/moldovancsaba/Projects/reply/chat/sync-imessage.js:105:34
    at Array.forEach (<anonymous>)
    at Statement.<anonymous> (/Users/moldovancsaba/Projects/reply/chat/sync-imessage.js:104:22)
Error loading contacts: SyntaxError: Expected ',' or '}' after property value in JSON at position 65493 (line 2923 column 2)
    at JSON.parse (<anonymous>)
    at ContactStore.load (/Users/moldovancsaba/Projects/reply/chat/contact-store.js:24:34)
    at get contacts (/Users/moldovancsaba/Projects/reply/chat/contact-store.js:13:14)
    at ContactStore.updateLastContacted (/Users/moldovancsaba/Projects/reply/chat/contact-store.js:145:28)
    at /Users/moldovancsaba/Projects/reply/chat/sync-imessage.js:105:34
    at Array.forEach (<anonymous>)
    at Statement.<anonymous> (/Users/moldovancsaba/Projects/reply/chat/sync-imessage.js:104:22)
Error loading contacts: SyntaxError: Unterminated string in JSON at position 73685 (line 3334 column 13)
    at JSON.parse (<anonymous>)
    at ContactStore.load (/Users/moldovancsaba/Projects/reply/chat/contact-store.js:24:34)
    at get contacts (/Users/moldovancsaba/Projects/reply/chat/contact-store.js:13:14)
    at ContactStore.updateLastContacted (/Users/moldovancsaba/Projects/reply/chat/contact-store.js:145:28)
    at /Users/moldovancsaba/Projects/reply/chat/sync-imessage.js:105:34
    at Array.forEach (<anonymous>)
    at Statement.<anonymous> (/Users/moldovancsaba/Projects/reply/chat/sync-imessage.js:104:22)
Error loading contacts: SyntaxError: Unexpected end of JSON input
    at JSON.parse (<anonymous>)
    at ContactStore.load (/Users/moldovancsaba/Projects/reply/chat/contact-store.js:24:34)
    at ContactStore.updateLastContacted (/Users/moldovancsaba/Projects/reply/chat/contact-store.js:141:14)
    at /Users/moldovancsaba/Projects/reply/chat/sync-imessage.js:105:34
    at Array.forEach (<anonymous>)
    at Statement.<anonymous> (/Users/moldovancsaba/Projects/reply/chat/sync-imessage.js:104:22)

Sync stderr: Error loading contacts: SyntaxError: Expected double-quoted property name in JSON at position 245717 (line 11850 column 5)
    at JSON.parse (<anonymous>)
    at ContactStore.load (/Users/moldovancsaba/Projects/reply/chat/contact-store.js:24:34)
    at ContactStore.updateLastContacted (/Users/moldovancsaba/Projects/reply/chat/contact-store.js:141:14)
    at /Users/moldovancsaba/Projects/reply/chat/sync-imessage.js:105:34
    at Array.forEach (<anonymous>)
    at Statement.<anonymous> (/Users/moldovancsaba/Projects/reply/chat/sync-imessage.js:104:22)
Error loading contacts: SyntaxError: Unexpected end of JSON input
    at JSON.parse (<anonymous>)
    at ContactStore.load (/Users/moldovancsaba/Projects/reply/chat/contact-store.js:24:34)
    at ContactStore.updateLastContacted (/Users/moldovancsaba/Projects/reply/chat/contact-store.js:141:14)
    at /Users/moldovancsaba/Projects/reply/chat/sync-imessage.js:105:34
    at Array.forEach (<anonymous>)
    at Statement.<anonymous> (/Users/moldovancsaba/Projects/reply/chat/sync-imessage.js:104:22)
Error loading contacts: SyntaxError: Unterminated string in JSON at position 212949 (line 10198 column 12)
    at JSON.parse (<anonymous>)
    at ContactStore.load (/Users/moldovancsaba/Projects/reply/chat/contact-store.js:24:34)
    at get contacts (/Users/moldovancsaba/Projects/reply/chat/contact-store.js:13:14)
    at ContactStore.updateLastContacted (/Users/moldovancsaba/Projects/reply/chat/contact-store.js:145:28)
    at /Users/moldovancsaba/Projects/reply/chat/sync-imessage.js:105:34
    at Array.forEach (<anonymous>)
    at Statement.<anonymous> (/Users/moldovancsaba/Projects/reply/chat/sync-imessage.js:104:22)
Error loading contacts: SyntaxError: Unexpected end of JSON input
    at JSON.parse (<anonymous>)
    at ContactStore.load (/Users/moldovancsaba/Projects/reply/chat/contact-store.js:24:34)
    at get contacts (/Users/moldovancsaba/Projects/reply/chat/contact-store.js:13:14)
    at ContactStore.updateLastContacted (/Users/moldovancsaba/Projects/reply/chat/contact-store.js:145:28)
    at /Users/moldovancsaba/Projects/reply/chat/sync-imessage.js:105:34
    at Array.forEach (<anonymous>)
    at Statement.<anonymous> (/Users/moldovancsaba/Projects/reply/chat/sync-imessage.js:104:22)
Error loading contacts: SyntaxError: Unexpected end of JSON input
    at JSON.parse (<anonymous>)
    at ContactStore.load (/Users/moldovancsaba/Projects/reply/chat/contact-store.js:24:34)
    at ContactStore.updateLastContacted (/Users/moldovancsaba/Projects/reply/chat/contact-store.js:141:14)
    at /Users/moldovancsaba/Projects/reply/chat/sync-imessage.js:105:34
    at Array.forEach (<anonymous>)
    at Statement.<anonymous> (/Users/moldovancsaba/Projects/reply/chat/sync-imessage.js:104:22)
Error loading contacts: SyntaxError: Unexpected end of JSON input
    at JSON.parse (<anonymous>)
    at ContactStore.load (/Users/moldovancsaba/Projects/reply/chat/contact-store.js:24:34)
    at ContactStore.updateLastContacted (/Users/moldovancsaba/Projects/reply/chat/contact-store.js:141:14)
    at /Users/moldovancsaba/Projects/reply/chat/sync-imessage.js:105:34
    at Array.forEach (<anonymous>)
    at Statement.<anonymous> (/Users/moldovancsaba/Projects/reply/chat/sync-imessage.js:104:22)
Error loading contacts: SyntaxError: Unexpected end of JSON input
    at JSON.parse (<anonymous>)
    at ContactStore.load (/Users/moldovancsaba/Projects/reply/chat/contact-store.js:24:34)
    at get contacts (/Users/moldovancsaba/Projects/reply/chat/contact-store.js:13:14)
    at ContactStore.updateLastContacted (/Users/moldovancsaba/Projects/reply/chat/contact-store.js:145:28)
    at /Users/moldovancsaba/Projects/reply/chat/sync-imessage.js:105:34
    at Array.forEach (<anonymous>)
    at Statement.<anonymous> (/Users/moldovancsaba/Projects/reply/chat/sync-imessage.js:104:22)
Error loading contacts: SyntaxError: Unexpected end of JSON input
    at JSON.parse (<anonymous>)
    at ContactStore.load (/Users/moldovancsaba/Projects/reply/chat/contact-store.js:24:34)
    at ContactStore.updateLastContacted (/Users/moldovancsaba/Projects/reply/chat/contact-store.js:141:14)
    at /Users/moldovancsaba/Projects/reply/chat/sync-imessage.js:105:34
    at Array.forEach (<anonymous>)
    at Statement.<anonymous> (/Users/moldovancsaba/Projects/reply/chat/sync-imessage.js:104:22)
Error loading contacts: SyntaxError: Unterminated string in JSON at position 147413 (line 6970 column 31)
    at JSON.parse (<anonymous>)
    at ContactStore.load (/Users/moldovancsaba/Projects/reply/chat/contact-store.js:24:34)
    at ContactStore.updateLastContacted (/Users/moldovancsaba/Projects/reply/chat/contact-store.js:141:14)
    at /Users/moldovancsaba/Projects/reply/chat/sync-imessage.js:105:34
    at Array.forEach (<anonymous>)
    at Statement.<anonymous> (/Users/moldovancsaba/Projects/reply/chat/sync-imessage.js:104:22)
Error loading contacts: SyntaxError: Unexpected end of JSON input
    at JSON.parse (<anonymous>)
    at ContactStore.load (/Users/moldovancsaba/Projects/reply/chat/contact-store.js:24:34)
    at ContactStore.updateLastContacted (/Users/moldovancsaba/Projects/reply/chat/contact-store.js:141:14)
    at /Users/moldovancsaba/Projects/reply/chat/sync-imessage.js:105:34
    at Array.forEach (<anonymous>)
    at Statement.<anonymous> (/Users/moldovancsaba/Projects/reply/chat/sync-imessage.js:104:22)

Sync stderr: Error loading contacts: SyntaxError: Unexpected end of JSON input
    at JSON.parse (<anonymous>)
    at ContactStore.load (/Users/moldovancsaba/Projects/reply/chat/contact-store.js:24:34)
    at ContactStore.updateLastContacted (/Users/moldovancsaba/Projects/reply/chat/contact-store.js:141:14)
    at /Users/moldovancsaba/Projects/reply/chat/sync-imessage.js:105:34
    at Array.forEach (<anonymous>)
    at Statement.<anonymous> (/Users/moldovancsaba/Projects/reply/chat/sync-imessage.js:104:22)
Error loading contacts: SyntaxError: Unterminated string in JSON at position 131029 (line 6161 column 17)
    at JSON.parse (<anonymous>)
    at ContactStore.load (/Users/moldovancsaba/Projects/reply/chat/contact-store.js:24:34)
    at ContactStore.updateLastContacted (/Users/moldovancsaba/Projects/reply/chat/contact-store.js:141:14)
    at /Users/moldovancsaba/Projects/reply/chat/sync-imessage.js:105:34
    at Array.forEach (<anonymous>)
    at Statement.<anonymous> (/Users/moldovancsaba/Projects/reply/chat/sync-imessage.js:104:22)
Error loading contacts: SyntaxError: Unexpected end of JSON input
    at JSON.parse (<anonymous>)
    at ContactStore.load (/Users/moldovancsaba/Projects/reply/chat/contact-store.js:24:34)
    at ContactStore.updateLastContacted (/Users/moldovancsaba/Projects/reply/chat/contact-store.js:141:14)
    at /Users/moldovancsaba/Projects/reply/chat/sync-imessage.js:105:34
    at Array.forEach (<anonymous>)
    at Statement.<anonymous> (/Users/moldovancsaba/Projects/reply/chat/sync-imessage.js:104:22)
Error loading contacts: SyntaxError: Unexpected end of JSON input
    at JSON.parse (<anonymous>)
    at ContactStore.load (/Users/moldovancsaba/Projects/reply/chat/contact-store.js:24:34)
    at ContactStore.updateLastContacted (/Users/moldovancsaba/Projects/reply/chat/contact-store.js:141:14)
    at /Users/moldovancsaba/Projects/reply/chat/sync-imessage.js:105:34
    at Array.forEach (<anonymous>)
    at Statement.<anonymous> (/Users/moldovancsaba/Projects/reply/chat/sync-imessage.js:104:22)
Error loading contacts: SyntaxError: Unterminated string in JSON at position 139221 (line 6563 column 22)
    at JSON.parse (<anonymous>)
    at ContactStore.load (/Users/moldovancsaba/Projects/reply/chat/contact-store.js:24:34)
    at ContactStore.updateLastContacted (/Users/moldovancsaba/Projects/reply/chat/contact-store.js:141:14)
    at /Users/moldovancsaba/Projects/reply/chat/sync-imessage.js:105:34
    at Array.forEach (<anonymous>)
    at Statement.<anonymous> (/Users/moldovancsaba/Projects/reply/chat/sync-imessage.js:104:22)
Error loading contacts: SyntaxError: Expected ',' or ']' after array element in JSON at position 32725 (line 1311 column 4)
    at JSON.parse (<anonymous>)
    at ContactStore.load (/Users/moldovancsaba/Projects/reply/chat/contact-store.js:24:34)
    at ContactStore.updateLastContacted (/Users/moldovancsaba/Projects/reply/chat/contact-store.js:141:14)
    at /Users/moldovancsaba/Projects/reply/chat/sync-imessage.js:105:34
    at Array.forEach (<anonymous>)
    at Statement.<anonymous> (/Users/moldovancsaba/Projects/reply/chat/sync-imessage.js:104:22)
Error loading contacts: SyntaxError: Unexpected end of JSON input
    at JSON.parse (<anonymous>)
    at ContactStore.load (/Users/moldovancsaba/Projects/reply/chat/contact-store.js:24:34)
    at ContactStore.updateLastContacted (/Users/moldovancsaba/Projects/reply/chat/contact-store.js:141:14)
    at /Users/moldovancsaba/Projects/reply/chat/sync-imessage.js:105:34
    at Array.forEach (<anonymous>)
    at Statement.<anonymous> (/Users/moldovancsaba/Projects/reply/chat/sync-imessage.js:104:22)
Error loading contacts: SyntaxError: Unterminated string in JSON at position 40917 (line 1706 column 10)
    at JSON.parse (<anonymous>)
    at ContactStore.load (/Users/moldovancsaba/Projects/reply/chat/contact-store.js:24:34)
    at get contacts (/Users/moldovancsaba/Projects/reply/chat/contact-store.js:13:14)
    at ContactStore.updateLastContacted (/Users/moldovancsaba/Projects/reply/chat/contact-store.js:145:28)
    at /Users/moldovancsaba/Projects/reply/chat/sync-imessage.js:105:34
    at Array.forEach (<anonymous>)
    at Statement.<anonymous> (/Users/moldovancsaba/Projects/reply/chat/sync-imessage.js:104:22)
Error loading contacts: SyntaxError: Unexpected end of JSON input
    at JSON.parse (<anonymous>)
    at ContactStore.load (/Users/moldovancsaba/Projects/reply/chat/contact-store.js:24:34)
    at get contacts (/Users/moldovancsaba/Projects/reply/chat/contact-store.js:13:14)
    at ContactStore.updateLastContacted (/Users/moldovancsaba/Projects/reply/chat/contact-store.js:145:28)
    at /Users/moldovancsaba/Projects/reply/chat/sync-imessage.js:105:34
    at Array.forEach (<anonymous>)
    at Statement.<anonymous> (/Users/moldovancsaba/Projects/reply/chat/sync-imessage.js:104:22)
Error loading contacts: SyntaxError: Unterminated string in JSON at position 81877 (line 3741 column 22)
    at JSON.parse (<anonymous>)
    at ContactStore.load (/Users/moldovancsaba/Projects/reply/chat/contact-store.js:24:34)
    at ContactStore.updateLastContacted (/Users/moldovancsaba/Projects/reply/chat/contact-store.js:141:14)
    at /Users/moldovancsaba/Projects/reply/chat/sync-imessage.js:105:34
    at Array.forEach (<anonymous>)
    at Statement.<anonymous> (/Users/moldovancsaba/Projects/reply/chat/sync-imessage.js:104:22)
Error loading contacts: SyntaxError: Expected ',' or ']' after array element in JSON at position 32725 (line 1311 column 4)
    at JSON.parse (<anonymous>)
    at ContactStore.load (/Users/moldovancsaba/Projects/reply/chat/contact-store.js:24:34)
    at ContactStore.updateLastContacted (/Users/moldovancsaba/Projects/reply/chat/contact-store.js:141:14)
    at /Users/moldovancsaba/Projects/reply/chat/sync-imessage.js:105:34
    at Array.forEach (<anonymous>)
    at Statement.<anonymous> (/Users/moldovancsaba/Projects/reply/chat/sync-imessage.js:104:22)
Error loading contacts: SyntaxError: Expected ',' or '}' after property value in JSON at position 286677 (line 13902 column 16)
    at JSON.parse (<anonymous>)
    at ContactStore.load (/Users/moldovancsaba/Projects/reply/chat/contact-store.js:24:34)
    at ContactStore.updateLastContacted (/Users/moldovancsaba/Projects/reply/chat/contact-store.js:141:14)
    at /Users/moldovancsaba/Projects/reply/chat/sync-imessage.js:105:34
    at Array.forEach (<anonymous>)
    at Statement.<anonymous> (/Users/moldovancsaba/Projects/reply/chat/sync-imessage.js:104:22)
Error loading contacts: SyntaxError: Expected double-quoted property name in JSON at position 270293 (line 13086 column 2)
    at JSON.parse (<anonymous>)
    at ContactStore.load (/Users/moldovancsaba/Projects/reply/chat/contact-store.js:24:34)
    at ContactStore.updateLastContacted (/Users/moldovancsaba/Projects/reply/chat/contact-store.js:141:14)
    at /Users/moldovancsaba/Projects/reply/chat/sync-imessage.js:105:34
    at Array.forEach (<anonymous>)
    at Statement.<anonymous> (/Users/moldovancsaba/Projects/reply/chat/sync-imessage.js:104:22)
Error loading contacts: SyntaxError: Unterminated string in JSON at position 73685 (line 3334 column 13)
    at JSON.parse (<anonymous>)
    at ContactStore.load (/Users/moldovancsaba/Projects/reply/chat/contact-store.js:24:34)
    at ContactStore.updateLastContacted (/Users/moldovancsaba/Projects/reply/chat/contact-store.js:141:14)
    at /Users/moldovancsaba/Projects/reply/chat/sync-imessage.js:105:34
    at Array.forEach (<anonymous>)
    at Statement.<anonymous> (/Users/moldovancsaba/Projects/reply/chat/sync-imessage.js:104:22)
Error loading contacts: SyntaxError: Unexpected end of JSON input
    at JSON.parse (<anonymous>)
    at ContactStore.load (/Users/moldovancsaba/Projects/reply/chat/contact-store.js:24:34)
    at ContactStore.updateLastContacted (/Users/moldovancsaba/Projects/reply/chat/contact-store.js:141:14)
    at /Users/moldovancsaba/Projects/reply/chat/sync-imessage.js:105:34
    at Array.forEach (<anonymous>)
    at Statement.<anonymous> (/Users/moldovancsaba/Projects/reply/chat/sync-imessage.js:104:22)
Error loading contacts: SyntaxError: Unexpected end of JSON input
    at JSON.parse (<anonymous>)
    at ContactStore.load (/Users/moldovancsaba/Projects/reply/chat/contact-store.js:24:34)
    at ContactStore.updateLastContacted (/Users/moldovancsaba/Projects/reply/chat/contact-store.js:141:14)
    at /Users/moldovancsaba/Projects/reply/chat/sync-imessage.js:105:34
    at Array.forEach (<anonymous>)
    at Statement.<anonymous> (/Users/moldovancsaba/Projects/reply/chat/sync-imessage.js:104:22)
Error loading contacts: SyntaxError: Unexpected end of JSON input
    at JSON.parse (<anonymous>)
    at ContactStore.load (/Users/moldovancsaba/Projects/reply/chat/contact-store.js:24:34)
    at ContactStore.updateLastContacted (/Users/moldovancsaba/Projects/reply/chat/contact-store.js:141:14)
    at /Users/moldovancsaba/Projects/reply/chat/sync-imessage.js:105:34
    at Array.forEach (<anonymous>)
    at Statement.<anonymous> (/Users/moldovancsaba/Projects/reply/chat/sync-imessage.js:104:22)
Error loading contacts: SyntaxError: Expected double-quoted property name in JSON at position 196565 (line 9393 column 26)
    at JSON.parse (<anonymous>)
    at ContactStore.load (/Users/moldovancsaba/Projects/reply/chat/contact-store.js:24:34)
    at get contacts (/Users/moldovancsaba/Projects/reply/chat/contact-store.js:13:14)
    at ContactStore.updateLastContacted (/Users/moldovancsaba/Projects/reply/chat/contact-store.js:145:28)
    at /Users/moldovancsaba/Projects/reply/chat/sync-imessage.js:105:34
    at Array.forEach (<anonymous>)
    at Statement.<anonymous> (/Users/moldovancsaba/Projects/reply/chat/sync-imessage.js:104:22)
Error loading contacts: SyntaxError: Unexpected end of JSON input
    at JSON.parse (<anonymous>)
    at ContactStore.load (/Users/moldovancsaba/Projects/reply/chat/contact-store.js:24:34)
    at ContactStore.updateLastContacted (/Users/moldovancsaba/Projects/reply/chat/contact-store.js:141:14)
    at /Users/moldovancsaba/Projects/reply/chat/sync-imessage.js:105:34
    at Array.forEach (<anonymous>)
    at Statement.<anonymous> (/Users/moldovancsaba/Projects/reply/chat/sync-imessage.js:104:22)
Error loading contacts: SyntaxError: Expected ',' or '}' after property value in JSON at position 180181 (line 8578 column 49)
    at JSON.parse (<anonymous>)
    at ContactStore.load (/Users/moldovancsaba/Projects/reply/chat/contact-store.js:24:34)
    at ContactStore.updateLastContacted (/Users/moldovancsaba/Projects/reply/chat/contact-store.js:141:14)
    at /Users/moldovancsaba/Projects/reply/chat/sync-imessage.js:105:34
    at Array.forEach (<anonymous>)
    at Statement.<anonymous> (/Users/moldovancsaba/Projects/reply/chat/sync-imessage.js:104:22)
Error loading contacts: SyntaxError: Unexpected end of JSON input
    at JSON.parse (<anonymous>)
    at ContactStore.load (/Users/moldovancsaba/Projects/reply/chat/contact-store.js:24:34)
    at ContactStore.updateLastContacted (/Users/moldovancsaba/Projects/reply/chat/contact-store.js:141:14)
    at /Users/moldovancsaba/Projects/reply/chat/sync-imessage.js:105:34
    at Array.forEach (<anonymous>)
    at Statement.<anonymous> (/Users/moldovancsaba/Projects/reply/chat/sync-imessage.js:104:22)
Error loading contacts: SyntaxError: Unexpected end of JSON input
    at JSON.parse (<anonymous>)
    at ContactStore.load (/Users/moldovancsaba/Projects/reply/chat/contact-store.js:24:34)
    at ContactStore.updateLastContacted (/Users/moldovancsaba/Projects/reply/chat/contact-store.js:141:14)
    at /Users/moldovancsaba/Projects/reply/chat/sync-imessage.js:105:34
    at Array.forEach (<anonymous>)
    at Statement.<anonymous> (/Users/moldovancsaba/Projects/reply/chat/sync-imessage.js:104:22)
Error loading contacts: SyntaxError: Unexpected end of JSON input
    at JSON.parse (<anonymous>)
    at ContactStore.load (/Users/moldovancsaba/Projects/reply/chat/contact-store.js:24:34)
    at ContactStore.updateLastContacted (/Users/moldovancsaba/Projects/reply/chat/contact-store.js:141:14)
    at /Users/moldovancsaba/Projects/reply/chat/sync-imessage.js:105:34
    at Array.forEach (<anonymous>)
    at Statement.<anonymous> (/Users/moldovancsaba/Projects/reply/chat/sync-imessage.js:104:22)
Error loading contacts: SyntaxError: Unexpected end of JSON input
    at JSON.parse (<anonymous>)
    at ContactStore.load (/Users/moldovancsaba/Projects/reply/chat/contact-store.js:24:34)
    at ContactStore.updateLastContacted (/Users/moldovancsaba/Projects/reply/chat/contact-store.js:141:14)
    at /Users/moldovancsaba/Projects/reply/chat/sync-imessage.js:105:34
    at Array.forEach (<anonymous>)
    at Statement.<anonymous> (/Users/moldovancsaba/Projects/reply/chat/sync-imessage.js:104:22)
Error loading contacts: SyntaxError: Unexpected end of JSON input
    at JSON.parse (<anonymous>)
    at ContactStore.load (/Users/moldovancsaba/Projects/reply/chat/contact-store.js:24:34)
    at ContactStore.updateLastContacted (/Users/moldovancsaba/Projects/reply/chat/contact-store.js:141:14)
    at /Users/moldovancsaba/Projects/reply/chat/sync-imessage.js:105:34
    at Array.forEach (<anonymous>)
    at Statement.<anonymous> (/Users/moldovancsaba/Projects/reply/chat/sync-imessage.js:104:22)

Sync stderr: Error loading contacts: SyntaxError: Unexpected end of JSON input
    at JSON.parse (<anonymous>)
    at ContactStore.load (/Users/moldovancsaba/Projects/reply/chat/contact-store.js:24:34)
    at ContactStore.updateLastContacted (/Users/moldovancsaba/Projects/reply/chat/contact-store.js:141:14)
    at /Users/moldovancsaba/Projects/reply/chat/sync-imessage.js:105:34
    at Array.forEach (<anonymous>)
    at Statement.<anonymous> (/Users/moldovancsaba/Projects/reply/chat/sync-imessage.js:104:22)
Error loading contacts: SyntaxError: Unterminated string in JSON at position 49109 (line 2110 column 28)
    at JSON.parse (<anonymous>)
    at ContactStore.load (/Users/moldovancsaba/Projects/reply/chat/contact-store.js:24:34)
    at ContactStore.updateLastContacted (/Users/moldovancsaba/Projects/reply/chat/contact-store.js:141:14)
    at /Users/moldovancsaba/Projects/reply/chat/sync-imessage.js:105:34
    at Array.forEach (<anonymous>)
    at Statement.<anonymous> (/Users/moldovancsaba/Projects/reply/chat/sync-imessage.js:104:22)
Error loading contacts: SyntaxError: Unterminated string in JSON at position 237525 (line 11434 column 8)
    at JSON.parse (<anonymous>)
    at ContactStore.load (/Users/moldovancsaba/Projects/reply/chat/contact-store.js:24:34)
    at get contacts (/Users/moldovancsaba/Projects/reply/chat/contact-store.js:13:14)
    at ContactStore.updateLastContacted (/Users/moldovancsaba/Projects/reply/chat/contact-store.js:145:28)
    at /Users/moldovancsaba/Projects/reply/chat/sync-imessage.js:105:34
    at Array.forEach (<anonymous>)
    at Statement.<anonymous> (/Users/moldovancsaba/Projects/reply/chat/sync-imessage.js:104:22)
Error loading contacts: SyntaxError: Unexpected end of JSON input
    at JSON.parse (<anonymous>)
    at ContactStore.load (/Users/moldovancsaba/Projects/reply/chat/contact-store.js:24:34)
    at ContactStore.updateLastContacted (/Users/moldovancsaba/Projects/reply/chat/contact-store.js:141:14)
    at /Users/moldovancsaba/Projects/reply/chat/sync-imessage.js:105:34
    at Array.forEach (<anonymous>)
    at Statement.<anonymous> (/Users/moldovancsaba/Projects/reply/chat/sync-imessage.js:104:22)
Error loading contacts: SyntaxError: Unexpected end of JSON input
    at JSON.parse (<anonymous>)
    at ContactStore.load (/Users/moldovancsaba/Projects/reply/chat/contact-store.js:24:34)
    at ContactStore.updateLastContacted (/Users/moldovancsaba/Projects/reply/chat/contact-store.js:141:14)
    at /Users/moldovancsaba/Projects/reply/chat/sync-imessage.js:105:34
    at Array.forEach (<anonymous>)
    at Statement.<anonymous> (/Users/moldovancsaba/Projects/reply/chat/sync-imessage.js:104:22)
Error loading contacts: SyntaxError: Unexpected end of JSON input
    at JSON.parse (<anonymous>)
    at ContactStore.load (/Users/moldovancsaba/Projects/reply/chat/contact-store.js:24:34)
    at ContactStore.updateLastContacted (/Users/moldovancsaba/Projects/reply/chat/contact-store.js:141:14)
    at /Users/moldovancsaba/Projects/reply/chat/sync-imessage.js:105:34
    at Array.forEach (<anonymous>)
    at Statement.<anonymous> (/Users/moldovancsaba/Projects/reply/chat/sync-imessage.js:104:22)
Error loading contacts: SyntaxError: Unterminated string in JSON at position 147413 (line 6970 column 31)
    at JSON.parse (<anonymous>)
    at ContactStore.load (/Users/moldovancsaba/Projects/reply/chat/contact-store.js:24:34)
    at get contacts (/Users/moldovancsaba/Projects/reply/chat/contact-store.js:13:14)
    at ContactStore.updateLastContacted (/Users/moldovancsaba/Projects/reply/chat/contact-store.js:145:28)
    at /Users/moldovancsaba/Projects/reply/chat/sync-imessage.js:105:34
    at Array.forEach (<anonymous>)
    at Statement.<anonymous> (/Users/moldovancsaba/Projects/reply/chat/sync-imessage.js:104:22)
Error loading contacts: SyntaxError: Unterminated string in JSON at position 24533 (line 923 column 10)
    at JSON.parse (<anonymous>)
    at ContactStore.load (/Users/moldovancsaba/Projects/reply/chat/contact-store.js:24:34)
    at get contacts (/Users/moldovancsaba/Projects/reply/chat/contact-store.js:13:14)
    at ContactStore.updateLastContacted (/Users/moldovancsaba/Projects/reply/chat/contact-store.js:145:28)
    at /Users/moldovancsaba/Projects/reply/chat/sync-imessage.js:105:34
    at Array.forEach (<anonymous>)
    at Statement.<anonymous> (/Users/moldovancsaba/Projects/reply/chat/sync-imessage.js:104:22)
Error loading contacts: SyntaxError: Unexpected end of JSON input
    at JSON.parse (<anonymous>)
    at ContactStore.load (/Users/moldovancsaba/Projects/reply/chat/contact-store.js:24:34)
    at get contacts (/Users/moldovancsaba/Projects/reply/chat/contact-store.js:13:14)
    at ContactStore.updateLastContacted (/Users/moldovancsaba/Projects/reply/chat/contact-store.js:145:28)
    at /Users/moldovancsaba/Projects/reply/chat/sync-imessage.js:105:34
    at Array.forEach (<anonymous>)
    at Statement.<anonymous> (/Users/moldovancsaba/Projects/reply/chat/sync-imessage.js:104:22)
Error loading contacts: SyntaxError: Unexpected end of JSON input
    at JSON.parse (<anonymous>)
    at ContactStore.load (/Users/moldovancsaba/Projects/reply/chat/contact-store.js:24:34)
    at get contacts (/Users/moldovancsaba/Projects/reply/chat/contact-store.js:13:14)
    at ContactStore.updateLastContacted (/Users/moldovancsaba/Projects/reply/chat/contact-store.js:145:28)
    at /Users/moldovancsaba/Projects/reply/chat/sync-imessage.js:105:34
    at Array.forEach (<anonymous>)
    at Statement.<anonymous> (/Users/moldovancsaba/Projects/reply/chat/sync-imessage.js:104:22)
Error loading contacts: SyntaxError: Unexpected end of JSON input
    at JSON.parse (<anonymous>)
    at ContactStore.load (/Users/moldovancsaba/Projects/reply/chat/contact-store.js:24:34)
    at get contacts (/Users/moldovancsaba/Projects/reply/chat/contact-store.js:13:14)
    at ContactStore.updateLastContacted (/Users/moldovancsaba/Projects/reply/chat/contact-store.js:145:28)
    at /Users/moldovancsaba/Projects/reply/chat/sync-imessage.js:105:34
    at Array.forEach (<anonymous>)
    at Statement.<anonymous> (/Users/moldovancsaba/Projects/reply/chat/sync-imessage.js:104:22)
Error loading contacts: SyntaxError: Expected ',' or ']' after array element in JSON at position 32725 (line 1311 column 4)
    at JSON.parse (<anonymous>)
    at ContactStore.load (/Users/moldovancsaba/Projects/reply/chat/contact-store.js:24:34)
    at ContactStore.updateLastContacted (/Users/moldovancsaba/Projects/reply/chat/contact-store.js:141:14)
    at /Users/moldovancsaba/Projects/reply/chat/sync-imessage.js:105:34
    at Array.forEach (<anonymous>)
    at Statement.<anonymous> (/Users/moldovancsaba/Projects/reply/chat/sync-imessage.js:104:22)
Error loading contacts: SyntaxError: Unterminated string in JSON at position 81877 (line 3741 column 22)
    at JSON.parse (<anonymous>)
    at ContactStore.load (/Users/moldovancsaba/Projects/reply/chat/contact-store.js:24:34)
    at get contacts (/Users/moldovancsaba/Projects/reply/chat/contact-store.js:13:14)
    at ContactStore.updateLastContacted (/Users/moldovancsaba/Projects/reply/chat/contact-store.js:145:28)
    at /Users/moldovancsaba/Projects/reply/chat/sync-imessage.js:105:34
    at Array.forEach (<anonymous>)
    at Statement.<anonymous> (/Users/moldovancsaba/Projects/reply/chat/sync-imessage.js:104:22)
Error loading contacts: SyntaxError: Unexpected end of JSON input
    at JSON.parse (<anonymous>)
    at ContactStore.load (/Users/moldovancsaba/Projects/reply/chat/contact-store.js:24:34)
    at get contacts (/Users/moldovancsaba/Projects/reply/chat/contact-store.js:13:14)
    at ContactStore.updateLastContacted (/Users/moldovancsaba/Projects/reply/chat/contact-store.js:145:28)
    at /Users/moldovancsaba/Projects/reply/chat/sync-imessage.js:105:34
    at Array.forEach (<anonymous>)
    at Statement.<anonymous> (/Users/moldovancsaba/Projects/reply/chat/sync-imessage.js:104:22)
Error loading contacts: SyntaxError: Unterminated string in JSON at position 49109 (line 2110 column 28)
    at JSON.parse (<anonymous>)
    at ContactStore.load (/Users/moldovancsaba/Projects/reply/chat/contact-store.js:24:34)
    at get contacts (/Users/moldovancsaba/Projects/reply/chat/contact-store.js:13:14)
    at ContactStore.updateLastContacted (/Users/moldovancsaba/Projects/reply/chat/contact-store.js:145:28)
    at /Users/moldovancsaba/Projects/reply/chat/sync-imessage.js:105:34
    at Array.forEach (<anonymous>)
    at Statement.<anonymous> (/Users/moldovancsaba/Projects/reply/chat/sync-imessage.js:104:22)
Error loading contacts: SyntaxError: Unexpected end of JSON input
    at JSON.parse (<anonymous>)
    at ContactStore.load (/Users/moldovancsaba/Projects/reply/chat/contact-store.js:24:34)
    at ContactStore.updateLastContacted (/Users/moldovancsaba/Projects/reply/chat/contact-store.js:141:14)
    at /Users/moldovancsaba/Projects/reply/chat/sync-imessage.js:105:34
    at Array.forEach (<anonymous>)
    at Statement.<anonymous> (/Users/moldovancsaba/Projects/reply/chat/sync-imessage.js:104:22)
Error loading contacts: SyntaxError: Unterminated string in JSON at position 24533 (line 923 column 10)
    at JSON.parse (<anonymous>)
    at ContactStore.load (/Users/moldovancsaba/Projects/reply/chat/contact-store.js:24:34)
    at ContactStore.updateLastContacted (/Users/moldovancsaba/Projects/reply/chat/contact-store.js:141:14)
    at /Users/moldovancsaba/Projects/reply/chat/sync-imessage.js:105:34
    at Array.forEach (<anonymous>)
    at Statement.<anonymous> (/Users/moldovancsaba/Projects/reply/chat/sync-imessage.js:104:22)
Error loading contacts: SyntaxError: Unexpected end of JSON input
    at JSON.parse (<anonymous>)
    at ContactStore.load (/Users/moldovancsaba/Projects/reply/chat/contact-store.js:24:34)
    at ContactStore.updateLastContacted (/Users/moldovancsaba/Projects/reply/chat/contact-store.js:141:14)
    at /Users/moldovancsaba/Projects/reply/chat/sync-imessage.js:105:34
    at Array.forEach (<anonymous>)
    at Statement.<anonymous> (/Users/moldovancsaba/Projects/reply/chat/sync-imessage.js:104:22)
Error loading contacts: SyntaxError: Unterminated string in JSON at position 73685 (line 3334 column 13)
    at JSON.parse (<anonymous>)
    at ContactStore.load (/Users/moldovancsaba/Projects/reply/chat/contact-store.js:24:34)
    at ContactStore.updateLastContacted (/Users/moldovancsaba/Projects/reply/chat/contact-store.js:141:14)
    at /Users/moldovancsaba/Projects/reply/chat/sync-imessage.js:105:34
    at Array.forEach (<anonymous>)
    at Statement.<anonymous> (/Users/moldovancsaba/Projects/reply/chat/sync-imessage.js:104:22)
Error loading contacts: SyntaxError: Unexpected end of JSON input
    at JSON.parse (<anonymous>)
    at ContactStore.load (/Users/moldovancsaba/Projects/reply/chat/contact-store.js:24:34)
    at get contacts (/Users/moldovancsaba/Projects/reply/chat/contact-store.js:13:14)
    at ContactStore.updateLastContacted (/Users/moldovancsaba/Projects/reply/chat/contact-store.js:145:28)
    at /Users/moldovancsaba/Projects/reply/chat/sync-imessage.js:105:34
    at Array.forEach (<anonymous>)
    at Statement.<anonymous> (/Users/moldovancsaba/Projects/reply/chat/sync-imessage.js:104:22)
Error loading contacts: SyntaxError: Expected ',' or ']' after array element in JSON at position 32725 (line 1311 column 4)
    at JSON.parse (<anonymous>)
    at ContactStore.load (/Users/moldovancsaba/Projects/reply/chat/contact-store.js:24:34)
    at ContactStore.updateLastContacted (/Users/moldovancsaba/Projects/reply/chat/contact-store.js:141:14)
    at /Users/moldovancsaba/Projects/reply/chat/sync-imessage.js:105:34
    at Array.forEach (<anonymous>)
    at Statement.<anonymous> (/Users/moldovancsaba/Projects/reply/chat/sync-imessage.js:104:22)
Error loading contacts: SyntaxError: Unterminated string in JSON at position 16346 (line 538 column 11)
    at JSON.parse (<anonymous>)
    at ContactStore.load (/Users/moldovancsaba/Projects/reply/chat/contact-store.js:24:34)
    at ContactStore.updateLastContacted (/Users/moldovancsaba/Projects/reply/chat/contact-store.js:141:14)
    at /Users/moldovancsaba/Projects/reply/chat/sync-imessage.js:105:34
    at Array.forEach (<anonymous>)
    at Statement.<anonymous> (/Users/moldovancsaba/Projects/reply/chat/sync-imessage.js:104:22)
Error loading contacts: SyntaxError: Unterminated string in JSON at position 98261 (line 4550 column 25)
    at JSON.parse (<anonymous>)
    at ContactStore.load (/Users/moldovancsaba/Projects/reply/chat/contact-store.js:24:34)
    at ContactStore.updateLastContacted (/Users/moldovancsaba/Projects/reply/chat/contact-store.js:141:14)
    at /Users/moldovancsaba/Projects/reply/chat/sync-imessage.js:105:34
    at Array.forEach (<anonymous>)
    at Statement.<anonymous> (/Users/moldovancsaba/Projects/reply/chat/sync-imessage.js:104:22)
Error loading contacts: SyntaxError: Expected ',' or '}' after property value in JSON at position 114645 (line 5355 column 8)
    at JSON.parse (<anonymous>)
    at ContactStore.load (/Users/moldovancsaba/Projects/reply/chat/contact-store.js:24:34)
    at ContactStore.updateLastContacted (/Users/moldovancsaba/Projects/reply/chat/contact-store.js:141:14)
    at /Users/moldovancsaba/Projects/reply/chat/sync-imessage.js:105:34
    at Array.forEach (<anonymous>)
    at Statement.<anonymous> (/Users/moldovancsaba/Projects/reply/chat/sync-imessage.js:104:22)
Error loading contacts: SyntaxError: Unexpected end of JSON input
    at JSON.parse (<anonymous>)
    at ContactStore.load (/Users/moldovancsaba/Projects/reply/chat/contact-store.js:24:34)
    at get contacts (/Users/moldovancsaba/Projects/reply/chat/contact-store.js:13:14)
    at ContactStore.updateLastContacted (/Users/moldovancsaba/Projects/reply/chat/contact-store.js:145:28)
    at /Users/moldovancsaba/Projects/reply/chat/sync-imessage.js:105:34
    at Array.forEach (<anonymous>)
    at Statement.<anonymous> (/Users/moldovancsaba/Projects/reply/chat/sync-imessage.js:104:22)
Error loading contacts: SyntaxError: Unexpected end of JSON input
    at JSON.parse (<anonymous>)
    at ContactStore.load (/Users/moldovancsaba/Projects/reply/chat/contact-store.js:24:34)
    at ContactStore.updateLastContacted (/Users/moldovancsaba/Projects/reply/chat/contact-store.js:141:14)
    at /Users/moldovancsaba/Projects/reply/chat/sync-imessage.js:105:34
    at Array.forEach (<anonymous>)
    at Statement.<anonymous> (/Users/moldovancsaba/Projects/reply/chat/sync-imessage.js:104:22)
Error loading contacts: SyntaxError: Unexpected end of JSON input
    at JSON.parse (<anonymous>)
    at ContactStore.load (/Users/moldovancsaba/Projects/reply/chat/contact-store.js:24:34)
    at ContactStore.updateLastContacted (/Users/moldovancsaba/Projects/reply/chat/contact-store.js:141:14)
    at /Users/moldovancsaba/Projects/reply/chat/sync-imessage.js:105:34
    at Array.forEach (<anonymous>)
    at Statement.<anonymous> (/Users/moldovancsaba/Projects/reply/chat/sync-imessage.js:104:22)
Error loading contacts: SyntaxError: Unexpected end of JSON input
    at JSON.parse (<anonymous>)
    at ContactStore.load (/Users/moldovancsaba/Projects/reply/chat/contact-store.js:24:34)
    at ContactStore.updateLastContacted (/Users/moldovancsaba/Projects/reply/chat/contact-store.js:141:14)
    at /Users/moldovancsaba/Projects/reply/chat/sync-imessage.js:105:34
    at Array.forEach (<anonymous>)
    at Statement.<anonymous> (/Users/moldovancsaba/Projects/reply/chat/sync-imessage.js:104:22)

Sync stderr: Error loading contacts: SyntaxError: Unexpected end of JSON input
    at JSON.parse (<anonymous>)
    at ContactStore.load (/Users/moldovancsaba/Projects/reply/chat/contact-store.js:24:34)
    at ContactStore.updateLastContacted (/Users/moldovancsaba/Projects/reply/chat/contact-store.js:141:14)
    at /Users/moldovancsaba/Projects/reply/chat/sync-imessage.js:105:34
    at Array.forEach (<anonymous>)
    at Statement.<anonymous> (/Users/moldovancsaba/Projects/reply/chat/sync-imessage.js:104:22)
Error loading contacts: SyntaxError: Unterminated string in JSON at position 24533 (line 923 column 10)
    at JSON.parse (<anonymous>)
    at ContactStore.load (/Users/moldovancsaba/Projects/reply/chat/contact-store.js:24:34)
    at get contacts (/Users/moldovancsaba/Projects/reply/chat/contact-store.js:13:14)
    at ContactStore.updateLastContacted (/Users/moldovancsaba/Projects/reply/chat/contact-store.js:145:28)
    at /Users/moldovancsaba/Projects/reply/chat/sync-imessage.js:105:34
    at Array.forEach (<anonymous>)
    at Statement.<anonymous> (/Users/moldovancsaba/Projects/reply/chat/sync-imessage.js:104:22)
Error loading contacts: SyntaxError: Unexpected end of JSON input
    at JSON.parse (<anonymous>)
    at ContactStore.load (/Users/moldovancsaba/Projects/reply/chat/contact-store.js:24:34)
    at ContactStore.updateLastContacted (/Users/moldovancsaba/Projects/reply/chat/contact-store.js:141:14)
    at /Users/moldovancsaba/Projects/reply/chat/sync-imessage.js:105:34
    at Array.forEach (<anonymous>)
    at Statement.<anonymous> (/Users/moldovancsaba/Projects/reply/chat/sync-imessage.js:104:22)
Error loading contacts: SyntaxError: Unexpected end of JSON input
    at JSON.parse (<anonymous>)
    at ContactStore.load (/Users/moldovancsaba/Projects/reply/chat/contact-store.js:24:34)
    at get contacts (/Users/moldovancsaba/Projects/reply/chat/contact-store.js:13:14)
    at ContactStore.updateLastContacted (/Users/moldovancsaba/Projects/reply/chat/contact-store.js:145:28)
    at /Users/moldovancsaba/Projects/reply/chat/sync-imessage.js:105:34
    at Array.forEach (<anonymous>)
    at Statement.<anonymous> (/Users/moldovancsaba/Projects/reply/chat/sync-imessage.js:104:22)
Error loading contacts: SyntaxError: Unexpected end of JSON input
    at JSON.parse (<anonymous>)
    at ContactStore.load (/Users/moldovancsaba/Projects/reply/chat/contact-store.js:24:34)
    at ContactStore.updateLastContacted (/Users/moldovancsaba/Projects/reply/chat/contact-store.js:141:14)
    at /Users/moldovancsaba/Projects/reply/chat/sync-imessage.js:105:34
    at Array.forEach (<anonymous>)
    at Statement.<anonymous> (/Users/moldovancsaba/Projects/reply/chat/sync-imessage.js:104:22)
Error loading contacts: SyntaxError: Unexpected end of JSON input
    at JSON.parse (<anonymous>)
    at ContactStore.load (/Users/moldovancsaba/Projects/reply/chat/contact-store.js:24:34)
    at get contacts (/Users/moldovancsaba/Projects/reply/chat/contact-store.js:13:14)
    at ContactStore.updateLastContacted (/Users/moldovancsaba/Projects/reply/chat/contact-store.js:145:28)
    at /Users/moldovancsaba/Projects/reply/chat/sync-imessage.js:105:34
    at Array.forEach (<anonymous>)
    at Statement.<anonymous> (/Users/moldovancsaba/Projects/reply/chat/sync-imessage.js:104:22)
Error loading contacts: SyntaxError: Expected ',' or '}' after property value in JSON at position 114645 (line 5355 column 8)
    at JSON.parse (<anonymous>)
    at ContactStore.load (/Users/moldovancsaba/Projects/reply/chat/contact-store.js:24:34)
    at ContactStore.updateLastContacted (/Users/moldovancsaba/Projects/reply/chat/contact-store.js:141:14)
    at /Users/moldovancsaba/Projects/reply/chat/sync-imessage.js:105:34
    at Array.forEach (<anonymous>)
    at Statement.<anonymous> (/Users/moldovancsaba/Projects/reply/chat/sync-imessage.js:104:22)
Error loading contacts: SyntaxError: Unexpected end of JSON input
    at JSON.parse (<anonymous>)
    at ContactStore.load (/Users/moldovancsaba/Projects/reply/chat/contact-store.js:24:34)
    at ContactStore.updateLastContacted (/Users/moldovancsaba/Projects/reply/chat/contact-store.js:141:14)
    at /Users/moldovancsaba/Projects/reply/chat/sync-imessage.js:105:34
    at Array.forEach (<anonymous>)
    at Statement.<anonymous> (/Users/moldovancsaba/Projects/reply/chat/sync-imessage.js:104:22)
Error loading contacts: SyntaxError: Unterminated string in JSON at position 49109 (line 2110 column 28)
    at JSON.parse (<anonymous>)
    at ContactStore.load (/Users/moldovancsaba/Projects/reply/chat/contact-store.js:24:34)
    at get contacts (/Users/moldovancsaba/Projects/reply/chat/contact-store.js:13:14)
    at ContactStore.updateLastContacted (/Users/moldovancsaba/Projects/reply/chat/contact-store.js:145:28)
    at /Users/moldovancsaba/Projects/reply/chat/sync-imessage.js:105:34
    at Array.forEach (<anonymous>)
    at Statement.<anonymous> (/Users/moldovancsaba/Projects/reply/chat/sync-imessage.js:104:22)
Error loading contacts: SyntaxError: Unexpected end of JSON input
    at JSON.parse (<anonymous>)
    at ContactStore.load (/Users/moldovancsaba/Projects/reply/chat/contact-store.js:24:34)
    at get contacts (/Users/moldovancsaba/Projects/reply/chat/contact-store.js:13:14)
    at ContactStore.updateLastContacted (/Users/moldovancsaba/Projects/reply/chat/contact-store.js:145:28)
    at /Users/moldovancsaba/Projects/reply/chat/sync-imessage.js:105:34
    at Array.forEach (<anonymous>)
    at Statement.<anonymous> (/Users/moldovancsaba/Projects/reply/chat/sync-imessage.js:104:22)
Error loading contacts: SyntaxError: Unexpected end of JSON input
    at JSON.parse (<anonymous>)
    at ContactStore.load (/Users/moldovancsaba/Projects/reply/chat/contact-store.js:24:34)
    at get contacts (/Users/moldovancsaba/Projects/reply/chat/contact-store.js:13:14)
    at ContactStore.updateLastContacted (/Users/moldovancsaba/Projects/reply/chat/contact-store.js:145:28)
    at /Users/moldovancsaba/Projects/reply/chat/sync-imessage.js:105:34
    at Array.forEach (<anonymous>)
    at Statement.<anonymous> (/Users/moldovancsaba/Projects/reply/chat/sync-imessage.js:104:22)

