[Triage] Loaded 3 rules.
==========================================
🚀 REPLY BACKGROUND WORKER ACTIVE (SQLITE)
Interval: 60s
==========================================
Running iMessage sync...
Starting iMessage sync from ROWID > 72457...
Processing 1000 new messages...
Generating embeddings for 1000 documents...
Added 1000 vectors to documents and updated FTS index.
Sync complete. Last ID: 73550
Running WhatsApp sync...
Starting WhatsApp sync from date > 793010206.1885775...
WhatsApp up to date.
[Worker] Polling chat.db at: /Users/moldovancsaba/Library/Messages/chat.db
Running iMessage sync...
Starting iMessage sync from ROWID > 73550...
Processing 1000 new messages...
Generating embeddings for 1000 documents...
Added 1000 vectors to documents and updated FTS index.
Sync complete. Last ID: 74606
Running WhatsApp sync...
Starting WhatsApp sync from date > 793010206.1885775...
WhatsApp up to date.
[Worker] Polling chat.db at: /Users/moldovancsaba/Library/Messages/chat.db
Running iMessage sync...
Starting iMessage sync from ROWID > 74606...
Processing 1000 new messages...
Generating embeddings for 1000 documents...
Added 1000 vectors to documents and updated FTS index.
Sync complete. Last ID: 75606
Running WhatsApp sync...
Starting WhatsApp sync from date > 793010206.1885775...
WhatsApp up to date.
[Worker] Polling chat.db at: /Users/moldovancsaba/Library/Messages/chat.db
Running iMessage sync...
Starting iMessage sync from ROWID > 75606...
Processing 1000 new messages...
Generating embeddings for 1000 documents...
Added 1000 vectors to documents and updated FTS index.
Sync complete. Last ID: 76608
Running WhatsApp sync...
Starting WhatsApp sync from date > 793010206.1885775...
WhatsApp up to date.
[Worker] Polling chat.db at: /Users/moldovancsaba/Library/Messages/chat.db
Running iMessage sync...
Starting iMessage sync from ROWID > 77612...
Processing 1000 new messages...
Generating embeddings for 1000 documents...
Added 1000 vectors to documents and updated FTS index.
Sync complete. Last ID: 78613
Running WhatsApp sync...
Starting WhatsApp sync from date > 793010206.1885775...
WhatsApp up to date.
[Worker] Polling chat.db at: /Users/moldovancsaba/Library/Messages/chat.db
[Worker] New Message: És akkor éjszaka is tudnánk használni ...
Generating embeddings for 1 documents...
Added 1 vectors to documents and updated FTS index.
[Worker] Running intelligence for Kovács Agneta...
[Worker] New Message: Arra gondoltam h a szaritogepet le lehetne vinni a...
Generating embeddings for 1 documents...
Added 1 vectors to documents and updated FTS index.
[Worker] Running intelligence for Kovács Agneta...
Running iMessage sync...
Starting iMessage sync from ROWID > 79613...
Processing 1000 new messages...
Generating embeddings for 1000 documents...
Added 1000 vectors to documents and updated FTS index.
Sync complete. Last ID: 80614
Running WhatsApp sync...
Starting WhatsApp sync from date > 793010206.1885775...
WhatsApp up to date.
[Worker] Polling chat.db at: /Users/moldovancsaba/Library/Messages/chat.db
[Worker] New Message: Igen ...
Generating embeddings for 1 documents...
Added 1 vectors to documents and updated FTS index.
[Worker] Running intelligence for Kovács Agneta...
Running iMessage sync...
Starting iMessage sync from ROWID > 81617...
Processing 1000 new messages...
Generating embeddings for 1000 documents...
Added 1000 vectors to documents and updated FTS index.
Sync complete. Last ID: 82620
Running WhatsApp sync...
Starting WhatsApp sync from date > 793010206.1885775...
WhatsApp up to date.
[Worker] Polling chat.db at: /Users/moldovancsaba/Library/Messages/chat.db
Running iMessage sync...
Starting iMessage sync from ROWID > 83623...
Processing 1000 new messages...
Generating embeddings for 1000 documents...
Added 1000 vectors to documents and updated FTS index.
Sync complete. Last ID: 84624
Running WhatsApp sync...
Starting WhatsApp sync from date > 793010206.1885775...
WhatsApp up to date.
[Worker] Polling chat.db at: /Users/moldovancsaba/Library/Messages/chat.db
Running iMessage sync...
Starting iMessage sync from ROWID > 82620...
Processing 1000 new messages...
Generating embeddings for 1000 documents...
Added 1000 vectors to documents and updated FTS index.
Sync complete. Last ID: 83623
Running WhatsApp sync...
Starting WhatsApp sync from date > 793010206.1885775...
WhatsApp up to date.
[Worker] Polling chat.db at: /Users/moldovancsaba/Library/Messages/chat.db
Running iMessage sync...
Starting iMessage sync from ROWID > 83623...
Processing 1000 new messages...
Generating embeddings for 1000 documents...
Added 1000 vectors to documents and updated FTS index.
Sync complete. Last ID: 84624
Running WhatsApp sync...
Starting WhatsApp sync from date > 793010206.1885775...
WhatsApp up to date.
[Worker] Polling chat.db at: /Users/moldovancsaba/Library/Messages/chat.db
Running iMessage sync...
Starting iMessage sync from ROWID > 85625...
Processing 1000 new messages...
Generating embeddings for 1000 documents...
Added 1000 vectors to documents and updated FTS index.
Sync complete. Last ID: 86626
Running WhatsApp sync...
Starting WhatsApp sync from date > 793010206.1885775...
WhatsApp up to date.
[Worker] Polling chat.db at: /Users/moldovancsaba/Library/Messages/chat.db
Running iMessage sync...
Starting iMessage sync from ROWID > 87629...
Processing 1000 new messages...
Generating embeddings for 1000 documents...
Added 1000 vectors to documents and updated FTS index.
Sync complete. Last ID: 88652
Running WhatsApp sync...
Starting WhatsApp sync from date > 793010206.1885775...
WhatsApp up to date.
[Worker] Polling chat.db at: /Users/moldovancsaba/Library/Messages/chat.db
Running iMessage sync...
Starting iMessage sync from ROWID > 88652...
Processing 1000 new messages...
Generating embeddings for 1000 documents...
Added 1000 vectors to documents and updated FTS index.
Sync complete. Last ID: 89663
Running WhatsApp sync...
Starting WhatsApp sync from date > 793010206.1885775...
Processing 3 new WhatsApp messages...
Generating embeddings for 3 documents...
Added 3 vectors to documents and updated FTS index.
WhatsApp Sync complete. Last Date: 793012711.3037065
[Worker] Polling chat.db at: /Users/moldovancsaba/Library/Messages/chat.db
Running iMessage sync...
Starting iMessage sync from ROWID > 89663...
Processing 1000 new messages...
Generating embeddings for 1000 documents...
Added 1000 vectors to documents and updated FTS index.
Sync complete. Last ID: 90690
Running WhatsApp sync...
Starting WhatsApp sync from date > 793012711.3037065...
WhatsApp up to date.
[Worker] Polling chat.db at: /Users/moldovancsaba/Library/Messages/chat.db
Running iMessage sync...
Starting iMessage sync from ROWID > 86626...
Processing 1000 new messages...
Generating embeddings for 1000 documents...
Added 1000 vectors to documents and updated FTS index.
Sync complete. Last ID: 87629
Running WhatsApp sync...
Starting WhatsApp sync from date > 793012711.3037065...
WhatsApp up to date.
[Worker] Polling chat.db at: /Users/moldovancsaba/Library/Messages/chat.db
Running iMessage sync...
Starting iMessage sync from ROWID > 88652...
Processing 1000 new messages...
Generating embeddings for 1000 documents...
Added 1000 vectors to documents and updated FTS index.
Sync complete. Last ID: 89663
Running WhatsApp sync...
Starting WhatsApp sync from date > 793012711.3037065...
WhatsApp up to date.
[Worker] Polling chat.db at: /Users/moldovancsaba/Library/Messages/chat.db
Running iMessage sync...
Starting iMessage sync from ROWID > 90690...
Processing 1000 new messages...
Generating embeddings for 1000 documents...
Added 1000 vectors to documents and updated FTS index.
Sync complete. Last ID: 91704
Running WhatsApp sync...
Starting WhatsApp sync from date > 793012711.3037065...
Processing 1 new WhatsApp messages...
Generating embeddings for 1 documents...
Added 1 vectors to documents and updated FTS index.
WhatsApp Sync complete. Last Date: 793013058
[Worker] Polling chat.db at: /Users/moldovancsaba/Library/Messages/chat.db
Running iMessage sync...
Starting iMessage sync from ROWID > 91704...
Processing 1000 new messages...
Generating embeddings for 1000 documents...
Added 1000 vectors to documents and updated FTS index.
Sync complete. Last ID: 92714
Running WhatsApp sync...
Starting WhatsApp sync from date > 793013089...
Processing 1 new WhatsApp messages...
Generating embeddings for 1 documents...
Added 1 vectors to documents and updated FTS index.
WhatsApp Sync complete. Last Date: 793013103.0593275
[Worker] Polling chat.db at: /Users/moldovancsaba/Library/Messages/chat.db
Running iMessage sync...
Starting iMessage sync from ROWID > 93735...
Processing 1000 new messages...
Generating embeddings for 1000 documents...
Added 1000 vectors to documents and updated FTS index.
Sync complete. Last ID: 94747
Running WhatsApp sync...
Starting WhatsApp sync from date > 793013154.3251765...
Processing 2 new WhatsApp messages...
Generating embeddings for 2 documents...
Added 2 vectors to documents and updated FTS index.
WhatsApp Sync complete. Last Date: 793013175.997206
[Worker] Polling chat.db at: /Users/moldovancsaba/Library/Messages/chat.db
Running iMessage sync...
Starting iMessage sync from ROWID > 95759...
Processing 1000 new messages...
Generating embeddings for 1000 documents...
Added 1000 vectors to documents and updated FTS index.
Sync complete. Last ID: 96760
Running WhatsApp sync...
Starting WhatsApp sync from date > 793013192.101095...
WhatsApp up to date.
[Worker] Polling chat.db at: /Users/moldovancsaba/Library/Messages/chat.db
Running iMessage sync...
Starting iMessage sync from ROWID > 96760...
Processing 1000 new messages...
Generating embeddings for 1000 documents...
Added 1000 vectors to documents and updated FTS index.
Sync complete. Last ID: 97763
Running WhatsApp sync...
Starting WhatsApp sync from date > 793013192.101095...
WhatsApp up to date.
[Worker] Polling chat.db at: /Users/moldovancsaba/Library/Messages/chat.db
Running iMessage sync...
Starting iMessage sync from ROWID > 97763...
Processing 1000 new messages...
Generating embeddings for 1000 documents...
Added 1000 vectors to documents and updated FTS index.
Sync complete. Last ID: 98772
Running WhatsApp sync...
Starting WhatsApp sync from date > 793013331...
WhatsApp up to date.
[Worker] Polling chat.db at: /Users/moldovancsaba/Library/Messages/chat.db
Running iMessage sync...
Starting iMessage sync from ROWID > 98772...
Processing 1000 new messages...
Generating embeddings for 1000 documents...
Added 1000 vectors to documents and updated FTS index.
Sync complete. Last ID: 99780
Running WhatsApp sync...
Starting WhatsApp sync from date > 793013414.9927106...
WhatsApp up to date.
[Worker] Polling chat.db at: /Users/moldovancsaba/Library/Messages/chat.db
[Worker] New Message: Mira ma 1 körül jön a mosógép szerelő ...
Generating embeddings for 1 documents...
Added 1 vectors to documents and updated FTS index.
[Worker] Running intelligence for Kovács Agneta...
[Worker] KYC suggestions staged.
Running iMessage sync...
Starting iMessage sync from ROWID > 99780...
Processing 1000 new messages...
Generating embeddings for 1000 documents...
Added 1000 vectors to documents and updated FTS index.
Sync complete. Last ID: 100786
Running WhatsApp sync...
Starting WhatsApp sync from date > 793013414.9927106...
Processing 2 new WhatsApp messages...
Generating embeddings for 2 documents...
Added 2 vectors to documents and updated FTS index.
WhatsApp Sync complete. Last Date: 793013454
[Worker] Polling chat.db at: /Users/moldovancsaba/Library/Messages/chat.db
[Worker] New Message: Liked “És addig vedd már ki a gépből a megszáradt ...
Generating embeddings for 1 documents...
Added 1 vectors to documents and updated FTS index.
[Worker] Running intelligence for +36705957647...
[Worker] New Message: Köszönöm! ...
Generating embeddings for 1 documents...
Added 1 vectors to documents and updated FTS index.
[Worker] Running intelligence for Kovács Agneta...
[Worker] New Message: És addig vedd már ki a gépből a megszáradt cuccoka...
Generating embeddings for 1 documents...
Added 1 vectors to documents and updated FTS index.
[Worker] Running intelligence for Kovács Agneta...
[Worker] New Message: Majd engedd be kerlek ...
Generating embeddings for 1 documents...
Added 1 vectors to documents and updated FTS index.
[Worker] Running intelligence for Kovács Agneta...
Running iMessage sync...
Starting iMessage sync from ROWID > 101793...
Processing 1000 new messages...
Generating embeddings for 1000 documents...
