Worker already running (PID 63701). Exiting.
Error loading contacts: SyntaxError: Expected double-quoted property name in JSON at position 270293 (line 13086 column 2)
    at JSON.parse (<anonymous>)
    at ContactStore.load (/Users/moldovancsaba/Projects/reply/chat/contact-store.js:24:34)
    at ContactStore.updateLastContacted (/Users/moldovancsaba/Projects/reply/chat/contact-store.js:141:14)
    at /Users/moldovancsaba/Projects/reply/chat/sync-imessage.js:105:34
    at Array.forEach (<anonymous>)
    at Statement.<anonymous> (/Users/moldovancsaba/Projects/reply/chat/sync-imessage.js:104:22)
Error loading contacts: SyntaxError: Unexpected end of JSON input
    at JSON.parse (<anonymous>)
    at ContactStore.load (/Users/moldovancsaba/Projects/reply/chat/contact-store.js:24:34)
    at ContactStore.updateLastContacted (/Users/moldovancsaba/Projects/reply/chat/contact-store.js:141:14)
    at /Users/moldovancsaba/Projects/reply/chat/sync-imessage.js:105:34
    at Array.forEach (<anonymous>)
    at Statement.<anonymous> (/Users/moldovancsaba/Projects/reply/chat/sync-imessage.js:104:22)
Error loading contacts: SyntaxError: Unterminated string in JSON at position 155605 (line 7373 column 24)
    at JSON.parse (<anonymous>)
    at ContactStore.load (/Users/moldovancsaba/Projects/reply/chat/contact-store.js:24:34)
    at get contacts (/Users/moldovancsaba/Projects/reply/chat/contact-store.js:13:14)
    at ContactStore.updateLastContacted (/Users/moldovancsaba/Projects/reply/chat/contact-store.js:145:28)
    at /Users/moldovancsaba/Projects/reply/chat/sync-imessage.js:105:34
    at Array.forEach (<anonymous>)
    at Statement.<anonymous> (/Users/moldovancsaba/Projects/reply/chat/sync-imessage.js:104:22)
Error loading contacts: SyntaxError: Unterminated string in JSON at position 16346 (line 538 column 11)
    at JSON.parse (<anonymous>)
    at ContactStore.load (/Users/moldovancsaba/Projects/reply/chat/contact-store.js:24:34)
    at get contacts (/Users/moldovancsaba/Projects/reply/chat/contact-store.js:13:14)
    at ContactStore.updateLastContacted (/Users/moldovancsaba/Projects/reply/chat/contact-store.js:145:28)
    at /Users/moldovancsaba/Projects/reply/chat/sync-imessage.js:105:34
    at Array.forEach (<anonymous>)
    at Statement.<anonymous> (/Users/moldovancsaba/Projects/reply/chat/sync-imessage.js:104:22)
Error loading contacts: SyntaxError: Unexpected end of JSON input
    at JSON.parse (<anonymous>)
    at ContactStore.load (/Users/moldovancsaba/Projects/reply/chat/contact-store.js:24:34)
    at ContactStore.updateLastContacted (/Users/moldovancsaba/Projects/reply/chat/contact-store.js:141:14)
    at /Users/moldovancsaba/Projects/reply/chat/sync-imessage.js:105:34
    at Array.forEach (<anonymous>)
    at Statement.<anonymous> (/Users/moldovancsaba/Projects/reply/chat/sync-imessage.js:104:22)
Error loading contacts: SyntaxError: Unterminated string in JSON at position 147413 (line 6970 column 31)
    at JSON.parse (<anonymous>)
    at ContactStore.load (/Users/moldovancsaba/Projects/reply/chat/contact-store.js:24:34)
    at get contacts (/Users/moldovancsaba/Projects/reply/chat/contact-store.js:13:14)
    at ContactStore.updateLastContacted (/Users/moldovancsaba/Projects/reply/chat/contact-store.js:145:28)
    at /Users/moldovancsaba/Projects/reply/chat/sync-imessage.js:105:34
    at Array.forEach (<anonymous>)
    at Statement.<anonymous> (/Users/moldovancsaba/Projects/reply/chat/sync-imessage.js:104:22)
Error loading contacts: SyntaxError: Unterminated string in JSON at position 24533 (line 923 column 10)
    at JSON.parse (<anonymous>)
    at ContactStore.load (/Users/moldovancsaba/Projects/reply/chat/contact-store.js:24:34)
    at get contacts (/Users/moldovancsaba/Projects/reply/chat/contact-store.js:13:14)
    at ContactStore.updateLastContacted (/Users/moldovancsaba/Projects/reply/chat/contact-store.js:145:28)
    at /Users/moldovancsaba/Projects/reply/chat/sync-imessage.js:105:34
    at Array.forEach (<anonymous>)
    at Statement.<anonymous> (/Users/moldovancsaba/Projects/reply/chat/sync-imessage.js:104:22)
Error loading contacts: SyntaxError: Unterminated string in JSON at position 73685 (line 3334 column 13)
    at JSON.parse (<anonymous>)
    at ContactStore.load (/Users/moldovancsaba/Projects/reply/chat/contact-store.js:24:34)
    at ContactStore.updateLastContacted (/Users/moldovancsaba/Projects/reply/chat/contact-store.js:141:14)
    at /Users/moldovancsaba/Projects/reply/chat/sync-imessage.js:105:34
    at Array.forEach (<anonymous>)
    at Statement.<anonymous> (/Users/moldovancsaba/Projects/reply/chat/sync-imessage.js:104:22)
Error loading contacts: SyntaxError: Expected ',' or ']' after array element in JSON at position 32725 (line 1311 column 4)
    at JSON.parse (<anonymous>)
    at ContactStore.load (/Users/moldovancsaba/Projects/reply/chat/contact-store.js:24:34)
    at ContactStore.updateLastContacted (/Users/moldovancsaba/Projects/reply/chat/contact-store.js:141:14)
    at /Users/moldovancsaba/Projects/reply/chat/sync-imessage.js:105:34
    at Array.forEach (<anonymous>)
    at Statement.<anonymous> (/Users/moldovancsaba/Projects/reply/chat/sync-imessage.js:104:22)
Error loading contacts: SyntaxError: Unexpected end of JSON input
    at JSON.parse (<anonymous>)
    at ContactStore.load (/Users/moldovancsaba/Projects/reply/chat/contact-store.js:24:34)
    at ContactStore.updateLastContacted (/Users/moldovancsaba/Projects/reply/chat/contact-store.js:141:14)
    at /Users/moldovancsaba/Projects/reply/chat/sync-imessage.js:105:34
    at Array.forEach (<anonymous>)
    at Statement.<anonymous> (/Users/moldovancsaba/Projects/reply/chat/sync-imessage.js:104:22)
Error loading contacts: SyntaxError: Unterminated string in JSON at position 73685 (line 3334 column 13)
    at JSON.parse (<anonymous>)
    at ContactStore.load (/Users/moldovancsaba/Projects/reply/chat/contact-store.js:24:34)
    at get contacts (/Users/moldovancsaba/Projects/reply/chat/contact-store.js:13:14)
    at ContactStore.updateLastContacted (/Users/moldovancsaba/Projects/reply/chat/contact-store.js:145:28)
    at /Users/moldovancsaba/Projects/reply/chat/sync-imessage.js:105:34
    at Array.forEach (<anonymous>)
    at Statement.<anonymous> (/Users/moldovancsaba/Projects/reply/chat/sync-imessage.js:104:22)
Error loading contacts: SyntaxError: Unterminated string in JSON at position 139221 (line 6563 column 22)
    at JSON.parse (<anonymous>)
    at ContactStore.load (/Users/moldovancsaba/Projects/reply/chat/contact-store.js:24:34)
    at get contacts (/Users/moldovancsaba/Projects/reply/chat/contact-store.js:13:14)
    at ContactStore.updateLastContacted (/Users/moldovancsaba/Projects/reply/chat/contact-store.js:145:28)
    at /Users/moldovancsaba/Projects/reply/chat/sync-imessage.js:105:34
    at Array.forEach (<anonymous>)
    at Statement.<anonymous> (/Users/moldovancsaba/Projects/reply/chat/sync-imessage.js:104:22)
Error loading contacts: SyntaxError: Unexpected end of JSON input
    at JSON.parse (<anonymous>)
    at ContactStore.load (/Users/moldovancsaba/Projects/reply/chat/contact-store.js:24:34)
    at ContactStore.updateLastContacted (/Users/moldovancsaba/Projects/reply/chat/contact-store.js:141:14)
    at /Users/moldovancsaba/Projects/reply/chat/sync-imessage.js:105:34
    at Array.forEach (<anonymous>)
    at Statement.<anonymous> (/Users/moldovancsaba/Projects/reply/chat/sync-imessage.js:104:22)
Error loading contacts: SyntaxError: Unexpected end of JSON input
    at JSON.parse (<anonymous>)
    at ContactStore.load (/Users/moldovancsaba/Projects/reply/chat/contact-store.js:24:34)
    at ContactStore.updateLastContacted (/Users/moldovancsaba/Projects/reply/chat/contact-store.js:141:14)
    at /Users/moldovancsaba/Projects/reply/chat/sync-imessage.js:105:34
    at Array.forEach (<anonymous>)
    at Statement.<anonymous> (/Users/moldovancsaba/Projects/reply/chat/sync-imessage.js:104:22)
Error loading contacts: SyntaxError: Unterminated string in JSON at position 16346 (line 538 column 11)
    at JSON.parse (<anonymous>)
    at ContactStore.load (/Users/moldovancsaba/Projects/reply/chat/contact-store.js:24:34)
    at ContactStore.updateLastContacted (/Users/moldovancsaba/Projects/reply/chat/contact-store.js:141:14)
    at /Users/moldovancsaba/Projects/reply/chat/sync-imessage.js:105:34
    at Array.forEach (<anonymous>)
    at Statement.<anonymous> (/Users/moldovancsaba/Projects/reply/chat/sync-imessage.js:104:22)
Error loading contacts: SyntaxError: Expected ',' or ']' after array element in JSON at position 32725 (line 1311 column 4)
    at JSON.parse (<anonymous>)
    at ContactStore.load (/Users/moldovancsaba/Projects/reply/chat/contact-store.js:24:34)
    at get contacts (/Users/moldovancsaba/Projects/reply/chat/contact-store.js:13:14)
    at ContactStore.updateLastContacted (/Users/moldovancsaba/Projects/reply/chat/contact-store.js:145:28)
    at /Users/moldovancsaba/Projects/reply/chat/sync-imessage.js:105:34
    at Array.forEach (<anonymous>)
    at Statement.<anonymous> (/Users/moldovancsaba/Projects/reply/chat/sync-imessage.js:104:22)
Error loading contacts: SyntaxError: Unterminated string in JSON at position 139221 (line 6563 column 22)
    at JSON.parse (<anonymous>)
    at ContactStore.load (/Users/moldovancsaba/Projects/reply/chat/contact-store.js:24:34)
    at ContactStore.updateLastContacted (/Users/moldovancsaba/Projects/reply/chat/contact-store.js:141:14)
    at /Users/moldovancsaba/Projects/reply/chat/sync-imessage.js:105:34
    at Array.forEach (<anonymous>)
    at Statement.<anonymous> (/Users/moldovancsaba/Projects/reply/chat/sync-imessage.js:104:22)
Error loading contacts: SyntaxError: Expected ',' or ']' after array element in JSON at position 32725 (line 1311 column 4)
    at JSON.parse (<anonymous>)
    at ContactStore.load (/Users/moldovancsaba/Projects/reply/chat/contact-store.js:24:34)
    at get contacts (/Users/moldovancsaba/Projects/reply/chat/contact-store.js:13:14)
    at ContactStore.updateLastContacted (/Users/moldovancsaba/Projects/reply/chat/contact-store.js:145:28)
    at /Users/moldovancsaba/Projects/reply/chat/sync-imessage.js:105:34
    at Array.forEach (<anonymous>)
    at Statement.<anonymous> (/Users/moldovancsaba/Projects/reply/chat/sync-imessage.js:104:22)
Error loading contacts: SyntaxError: Unexpected end of JSON input
    at JSON.parse (<anonymous>)
    at ContactStore.load (/Users/moldovancsaba/Projects/reply/chat/contact-store.js:24:34)
    at ContactStore.updateLastContacted (/Users/moldovancsaba/Projects/reply/chat/contact-store.js:141:14)
    at /Users/moldovancsaba/Projects/reply/chat/sync-imessage.js:105:34
    at Array.forEach (<anonymous>)
    at Statement.<anonymous> (/Users/moldovancsaba/Projects/reply/chat/sync-imessage.js:104:22)
Error loading contacts: SyntaxError: Expected ',' or '}' after property value in JSON at position 65493 (line 2923 column 2)
    at JSON.parse (<anonymous>)
    at ContactStore.load (/Users/moldovancsaba/Projects/reply/chat/contact-store.js:24:34)
    at get contacts (/Users/moldovancsaba/Projects/reply/chat/contact-store.js:13:14)
    at ContactStore.updateLastContacted (/Users/moldovancsaba/Projects/reply/chat/contact-store.js:145:28)
    at /Users/moldovancsaba/Projects/reply/chat/sync-imessage.js:105:34
    at Array.forEach (<anonymous>)
    at Statement.<anonymous> (/Users/moldovancsaba/Projects/reply/chat/sync-imessage.js:104:22)
Error loading contacts: SyntaxError: Unexpected end of JSON input
    at JSON.parse (<anonymous>)
    at ContactStore.load (/Users/moldovancsaba/Projects/reply/chat/contact-store.js:24:34)
    at get contacts (/Users/moldovancsaba/Projects/reply/chat/contact-store.js:13:14)
    at ContactStore.updateLastContacted (/Users/moldovancsaba/Projects/reply/chat/contact-store.js:145:28)
    at /Users/moldovancsaba/Projects/reply/chat/sync-imessage.js:105:34
    at Array.forEach (<anonymous>)
    at Statement.<anonymous> (/Users/moldovancsaba/Projects/reply/chat/sync-imessage.js:104:22)
